VCD info: dumpfile zap.vcd opened for output.
Started!
                   0PC_nxt before =          x
Normal PC update!
                   0PC_nxt after =          x
PC_nxt =          x
                  10Register file in reset...
                  10PC_nxt before =          0
Normal PC update!
                  10PC_nxt after =          4
PC_nxt =          4
                  10Received index as 000000000 and rd_port 0
                  10Register read on rd_port 0
                  10Reg read -> Returned value xxxxxxxx
                  10Received index as 000000000 and rd_port 1
                  10Register read on rd_port 1
                  10Reg read -> Returned value xxxxxxxx
                  10Received index as 000000000 and rd_port 2
                  10Register read on rd_port 2
                  10Reg read -> Returned value xxxxxxxx
                  10Received index as 000000010 and rd_port 3
                  10Register read on rd_port 3
                  10Reg read -> Returned value xxxxxxxx
                  10Received index as 000000000 and rd_port 0
                  10Register read on rd_port 0
                  10Reg read -> Returned value 00000000
                  10Received index as 000000000 and rd_port 1
                  10Register read on rd_port 1
                  10Reg read -> Returned value 00000000
                  10Received index as 000000000 and rd_port 2
                  10Register read on rd_port 2
                  10Reg read -> Returned value 00000000
                  10Received index as 000000010 and rd_port 3
                  10Register read on rd_port 3
                  10Reg read -> Returned value 00000000
                  10PC_nxt before =          0
Normal PC update!
                  10PC_nxt after =          4
PC_nxt =          4
                  10PC_nxt before =          0
Normal PC update!
                  10PC_nxt after =          4
PC_nxt =          4
PC next =          4 PC current =          0
                  30Received index as 000000000 and rd_port 0
                  30Register read on rd_port 0
                  30Reg read -> Returned value 00000000
                  30Received index as 000000000 and rd_port 1
                  30Register read on rd_port 1
                  30Reg read -> Returned value 00000000
                  30Received index as 000000000 and rd_port 2
                  30Register read on rd_port 2
                  30Reg read -> Returned value 00000000
                  30Received index as 000000000 and rd_port 3
                  30Register read on rd_port 3
                  30Reg read -> Returned value 00000000
                  30PC_nxt before =          4
Normal PC update!
                  30PC_nxt after =          8
PC_nxt =          8
                  30zap_test.u_zap_top.u_zap_decode_main.u_zap_decode.decode_data_processing: Normal DP decode...
zap_test.u_zap_top.u_zap_decode_main.u_zap_decode.process_immediate Process immediate...
PC next =          8 PC current =          4
                  50Received index as 000000000 and rd_port 0
                  50Register read on rd_port 0
                  50Reg read -> Returned value 00000000
                  50Received index as 100000021 and rd_port 1
                  50Constant detect. Returning 00000021
                  50Received index as 100000000 and rd_port 2
                  50Constant detect. Returning 00000000
                  50Received index as 000000000 and rd_port 3
                  50Register read on rd_port 3
                  50Reg read -> Returned value 00000000
                  50PC_nxt before =          8
Normal PC update!
                  50PC_nxt after =         12
PC_nxt =         12
                  50zap_test.u_zap_top.u_zap_decode_main.u_zap_decode.decode_data_processing: Normal DP decode...
zap_test.u_zap_top.u_zap_decode_main.u_zap_decode.process_immediate Process immediate...
PC next =         12 PC current =          8
                  70PC_nxt before =         12
Normal PC update!
                  70PC_nxt after =         16
PC_nxt =         16
                  70zap_test.u_zap_top.u_zap_decode_main.u_zap_decode.decode_mult: MLT decode...
PC next =         16 PC current =         12
                  90PC_nxt before =         16
Normal PC update!
                  90PC_nxt after =         20
PC_nxt =         20
                  90Received index as 000000001 and rd_port 0
                  90Register read on rd_port 0
                  90Reg read -> Returned value 00000000
                  90Received index as 000000002 and rd_port 1
                  90Register read on rd_port 1
                  90Reg read -> Returned value 00000000
                  90Received index as 100000000 and rd_port 2
                  90Constant detect. Returning 00000000
                  90Received index as 000000000 and rd_port 3
                  90Register read on rd_port 3
                  90Reg read -> Returned value 00000000
                  90Received index as 000000001 and rd_port 0
                  90Matched shifter destination index 000000001 ... given as 00000000
                  90Received index as 000000002 and rd_port 1
                  90Register read on rd_port 1
                  90Reg read -> Returned value 00000000
                  90Received index as 100000000 and rd_port 2
                  90Constant detect. Returning 00000000
                  90Received index as 000000000 and rd_port 3
                  90Register read on rd_port 3
                  90Reg read -> Returned value 00000000
                  90Received index as 000000001 and rd_port 0
                  90Matched shifter destination index 000000001 ... given as 00000021
                  90Received index as 000000002 and rd_port 1
                  90Register read on rd_port 1
                  90Reg read -> Returned value 00000000
                  90Received index as 100000000 and rd_port 2
                  90Constant detect. Returning 00000000
                  90Received index as 000000000 and rd_port 3
                  90Register read on rd_port 3
                  90Reg read -> Returned value 00000000
                  90zap_test.u_zap_top.u_zap_decode_main.u_zap_decode.decode_data_processing: Normal DP decode...
zap_test.u_zap_top.u_zap_decode_main.u_zap_decode.process_instruction_specified_shift Process instruction specified shift...
                  90PC_nxt before =         16
Stall from issue!
                  90PC_nxt after =         16
PC_nxt =         16
PC next =         16 PC current =         16
                 110Received index as 000000001 and rd_port 0
                 110Matched ALU destination index 01 ... given as 00000021
                 110Received index as 000000002 and rd_port 1
                 110Matched shifter destination index 000000002 ... given as 00000021
                 110Received index as 100000000 and rd_port 2
                 110Constant detect. Returning 00000000
                 110Received index as 000000000 and rd_port 3
                 110Register read on rd_port 3
                 110Reg read -> Returned value 00000000
                 110PC_nxt before =         16
Stall from issue!
                 110PC_nxt after =         16
PC_nxt =         16
                 110PC_nxt before =         16
Normal PC update!
                 110PC_nxt after =         20
PC_nxt =         20
PC next =         20 PC current =         16
                 130PC_nxt before =         20
Normal PC update!
                 130PC_nxt after =         24
Executing in ARM mode...!
PC_nxt =         24
                 130Received index as 000000000 and rd_port 0
                 130Matched shifter destination index 000000000 ... given as 00000021
                 130Received index as 000000005 and rd_port 1
                 130Register read on rd_port 1
                 130Reg read -> Returned value 00000000
                 130Received index as 100000000 and rd_port 2
                 130Constant detect. Returning 00000000
                 130Received index as 000000000 and rd_port 3
                 130Matched shifter destination index 000000000 ... given as 00000021
                 130Received index as 000000000 and rd_port 0
                 130Register read on rd_port 0
                 130Reg read -> Returned value 00000000
                 130Received index as 000000005 and rd_port 1
                 130Register read on rd_port 1
                 130Reg read -> Returned value 00000000
                 130Received index as 100000000 and rd_port 2
                 130Constant detect. Returning 00000000
                 130Received index as 000000000 and rd_port 3
                 130Register read on rd_port 3
                 130Reg read -> Returned value 00000000
                 130PC_nxt before =         20
Stall from shifter!
                 130PC_nxt after =         20
Executing in ARM mode...!
PC_nxt =         20
                 130zap_test.u_zap_top.u_zap_decode_main.u_zap_decode.decode_data_processing: Normal DP decode...
zap_test.u_zap_top.u_zap_decode_main.u_zap_decode.process_immediate Process immediate...
                 130PC_nxt before =         20
Stall from decode!
                 130PC_nxt after =         20
Executing in ARM mode...!
PC_nxt =         20
PC next =         20 PC current =         20
                 150Received index as 000000000 and rd_port 0
                 150Register read on rd_port 0
                 150Reg read -> Returned value 00000000
                 150Received index as 000000005 and rd_port 1
                 150Matched shifter destination index 000000005 ... given as 00000000
                 150Received index as 100000000 and rd_port 2
                 150Constant detect. Returning 00000000
                 150Received index as 000000000 and rd_port 3
                 150Register read on rd_port 3
                 150Reg read -> Returned value 00000000
                 150PC_nxt before =         20
Stall from decode!
                 150PC_nxt after =         20
Executing in ARM mode...!
PC_nxt =         20
PC next =         20 PC current =         20
                 170PC_nxt before =         20
Stall from decode!
                 170PC_nxt after =         20
PC_nxt =         20
                 170Received index as 000000000 and rd_port 0
                 170Register read on rd_port 0
                 170Reg read -> Returned value 00000000
                 170Received index as 000000005 and rd_port 1
                 170Matched shifter destination index 000000005 ... given as 00000000
                 170Received index as 100000000 and rd_port 2
                 170Constant detect. Returning 00000000
                 170Received index as 000000000 and rd_port 3
                 170Register read on rd_port 3
                 170Reg read -> Returned value 00000000
PC next =         20 PC current =         20
                 190PC_nxt before =         20
Stall from decode!
                 190PC_nxt after =         20
Executing in ARM mode...!
PC_nxt =         20
                 190Received index as 000000000 and rd_port 0
                 190Register read on rd_port 0
                 190Reg read -> Returned value 00000000
                 190Received index as 000000005 and rd_port 1
                 190Matched shifter destination index 000000005 ... given as 00000000
                 190Received index as 100000000 and rd_port 2
                 190Constant detect. Returning 00000000
                 190Received index as 000000000 and rd_port 3
                 190Register read on rd_port 3
                 190Reg read -> Returned value 00000000
PC next =         20 PC current =         20
                 210Received index as 000000000 and rd_port 0
                 210Register read on rd_port 0
                 210Reg read -> Returned value 00000000
                 210Received index as 000000005 and rd_port 1
                 210Matched shifter destination index 000000005 ... given as 00000441
                 210Received index as 100000000 and rd_port 2
                 210Constant detect. Returning 00000000
                 210Received index as 000000000 and rd_port 3
                 210Register read on rd_port 3
                 210Reg read -> Returned value 00000000
PC next =         20 PC current =         20
                 230Received index as 000000000 and rd_port 0
                 230Register read on rd_port 0
                 230Reg read -> Returned value 00000000
                 230Received index as 000000005 and rd_port 1
                 230Matched shifter destination index 000000005 ... given as 00000441
                 230Received index as 100000000 and rd_port 2
                 230Constant detect. Returning 00000000
                 230Received index as 000000000 and rd_port 3
                 230Register read on rd_port 3
                 230Reg read -> Returned value 00000000
                 230PC_nxt before =         20
Stall from decode!
                 230PC_nxt after =         20
Executing in ARM mode...!
PC_nxt =         20
PC next =         20 PC current =         20
                 250PC_nxt before =         20
Stall from decode!
                 250PC_nxt after =         20
Executing in ARM mode...!
PC_nxt =         20
                 250Received index as 00000000f and rd_port 0
                 250PC requested... given as 00000018
                 250Received index as 100000004 and rd_port 1
                 250Constant detect. Returning 00000004
                 250Received index as 100000000 and rd_port 2
                 250Constant detect. Returning 00000000
                 250Received index as 000000000 and rd_port 3
                 250Register read on rd_port 3
                 250Reg read -> Returned value 00000000
                 250zap_test.u_zap_top.u_zap_decode_main.u_zap_decode.decode_branch: B decode...
                 250PC_nxt before =         20
Normal PC update!
                 250PC_nxt after =         24
Executing in ARM mode...!
PC_nxt =         24
PC next =         24 PC current =         20
                 270Received index as 00000000f and rd_port 0
                 270PC requested... given as 00000018
                 270Received index as 100000000 and rd_port 1
                 270Constant detect. Returning 00000000
                 270Received index as 100000002 and rd_port 2
                 270Constant detect. Returning 00000002
                 270Received index as 000000000 and rd_port 3
                 270Register read on rd_port 3
                 270Reg read -> Returned value 00000000
                 270PC_nxt before =         24
Normal PC update!
                 270PC_nxt after =         28
Executing in ARM mode...!
PC_nxt =         28
                 270zap_test.u_zap_top.u_zap_decode_main.u_zap_decode.decode_data_processing: Normal DP decode...
zap_test.u_zap_top.u_zap_decode_main.u_zap_decode.process_immediate Process immediate...
PC next =         28 PC current =         24
                 290Received index as 000000000 and rd_port 0
                 290Register read on rd_port 0
                 290Reg read -> Returned value 00000018
                 290Received index as 100000002 and rd_port 1
                 290Constant detect. Returning 00000002
                 290Received index as 100000000 and rd_port 2
                 290Constant detect. Returning 00000000
                 290Received index as 000000000 and rd_port 3
                 290Register read on rd_port 3
                 290Reg read -> Returned value 00000000
                 290PC_nxt before =         28
Normal PC update!
                 290PC_nxt after =         32
Executing in ARM mode...!
PC_nxt =         32
                 290Received index as 000000000 and rd_port 0
                 290Register read on rd_port 0
                 290Reg read -> Returned value 00000000
                 290Received index as 100000002 and rd_port 1
                 290Constant detect. Returning 00000002
                 290Received index as 100000000 and rd_port 2
                 290Constant detect. Returning 00000000
                 290Received index as 000000000 and rd_port 3
                 290Register read on rd_port 3
                 290Reg read -> Returned value 00000000
                 290Received index as 000000000 and rd_port 0
                 290Register read on rd_port 0
                 290Reg read -> Returned value 00000000
                 290Received index as 100000002 and rd_port 1
                 290Constant detect. Returning 00000002
                 290Received index as 100000000 and rd_port 2
                 290Constant detect. Returning 00000000
                 290Received index as 000000000 and rd_port 3
                 290Register read on rd_port 3
                 290Reg read -> Returned value 00000000
                 290zap_test.u_zap_top.u_zap_decode_main.u_zap_decode.decode_data_processing: Normal DP decode...
zap_test.u_zap_top.u_zap_decode_main.u_zap_decode.process_immediate Process immediate...
PC next =         32 PC current =         28
                 310Received index as 000000000 and rd_port 0
                 310Register read on rd_port 0
                 310Reg read -> Returned value 00000000
                 310Received index as 100000001 and rd_port 1
                 310Constant detect. Returning 00000001
                 310Received index as 100000000 and rd_port 2
                 310Constant detect. Returning 00000000
                 310Received index as 000000000 and rd_port 3
                 310Register read on rd_port 3
                 310Reg read -> Returned value 00000000
                 310PC_nxt before =         32
Clear from ALU!
                 310PC_nxt after =         20
Executing in ARM mode...!
PC_nxt =         20
                 310Received index as 000000000 and rd_port 0
                 310Register read on rd_port 0
                 310Reg read -> Returned value 00000000
                 310Received index as 100000001 and rd_port 1
                 310Constant detect. Returning 00000001
                 310Received index as 100000000 and rd_port 2
                 310Constant detect. Returning 00000000
                 310Received index as 000000000 and rd_port 3
                 310Register read on rd_port 3
                 310Reg read -> Returned value 00000000
                 310zap_test.u_zap_top.u_zap_decode_main.u_zap_decode.decode_data_processing: Normal DP decode...
zap_test.u_zap_top.u_zap_decode_main.u_zap_decode.process_instruction_specified_shift Process instruction specified shift...
                 310PC_nxt before =         32
Clear from ALU!
                 310PC_nxt after =         28
Executing in ARM mode...!
PC_nxt =         28
                 310Received index as 000000000 and rd_port 0
                 310Register read on rd_port 0
                 310Reg read -> Returned value 00000000
                 310Received index as 100000001 and rd_port 1
                 310Constant detect. Returning 00000001
                 310Received index as 100000000 and rd_port 2
                 310Constant detect. Returning 00000000
                 310Received index as 000000000 and rd_port 3
                 310Register read on rd_port 3
                 310Reg read -> Returned value 00000000
                 310PC_nxt before =         32
Clear from ALU!
                 310PC_nxt after =         24
Executing in ARM mode...!
PC_nxt =         24
PC next =         24 PC current =         32
                 330PC_nxt before =         24
Clear from ALU!
                 330PC_nxt after =         24
Executing in ARM mode...!
PC_nxt =         24
                 330Received index as 000000000 and rd_port 0
                 330Matched shifter destination index 000000000 ... given as 00000018
                 330Received index as 000000000 and rd_port 1
                 330Matched shifter destination index 000000000 ... given as 00000018
                 330Received index as 000000000 and rd_port 2
                 330Matched shifter destination index 000000000 ... given as 00000018
                 330Received index as 000000010 and rd_port 3
                 330Register read on rd_port 3
                 330Reg read -> Returned value 00000000
                 330Received index as 000000000 and rd_port 0
                 330Register read on rd_port 0
                 330Reg read -> Returned value 00000000
                 330Received index as 000000000 and rd_port 1
                 330Register read on rd_port 1
                 330Reg read -> Returned value 00000000
                 330Received index as 000000000 and rd_port 2
                 330Register read on rd_port 2
                 330Reg read -> Returned value 00000000
                 330Received index as 000000010 and rd_port 3
                 330Register read on rd_port 3
                 330Reg read -> Returned value 00000000
                 330PC_nxt before =         24
Normal PC update!
                 330PC_nxt after =         28
Executing in ARM mode...!
PC_nxt =         28
PC next =         28 PC current =         24
                 350Received index as 000000000 and rd_port 0
                 350Register read on rd_port 0
                 350Reg read -> Returned value 00000000
                 350Received index as 000000000 and rd_port 1
                 350Register read on rd_port 1
                 350Reg read -> Returned value 00000000
                 350Received index as 000000000 and rd_port 2
                 350Register read on rd_port 2
                 350Reg read -> Returned value 00000000
                 350Received index as 000000000 and rd_port 3
                 350Register read on rd_port 3
                 350Reg read -> Returned value 00000000
                 350PC_nxt before =         28
Normal PC update!
                 350PC_nxt after =         32
PC_nxt =         32
                 350zap_test.u_zap_top.u_zap_decode_main.u_zap_decode.decode_data_processing: Normal DP decode...
zap_test.u_zap_top.u_zap_decode_main.u_zap_decode.process_immediate Process immediate...
PC next =         32 PC current =         28
                 370PC_nxt before =         32
Normal PC update!
                 370PC_nxt after =         36
PC_nxt =         36
                 370Received index as 000000000 and rd_port 0
                 370Register read on rd_port 0
                 370Reg read -> Returned value 00000000
                 370Received index as 100000001 and rd_port 1
                 370Constant detect. Returning 00000001
                 370Received index as 100000000 and rd_port 2
                 370Constant detect. Returning 00000000
                 370Received index as 000000000 and rd_port 3
                 370Register read on rd_port 3
                 370Reg read -> Returned value 00000000
                 370zap_test.u_zap_top.u_zap_decode_main.u_zap_decode.decode_data_processing: Normal DP decode...
zap_test.u_zap_top.u_zap_decode_main.u_zap_decode.process_instruction_specified_shift Process instruction specified shift...
PC next =         36 PC current =         32
                 390Received index as 000000000 and rd_port 0
                 390Register read on rd_port 0
                 390Reg read -> Returned value 00000000
                 390Received index as 00000001c and rd_port 1
                 390Register read on rd_port 1
                 390Reg read -> Returned value 00000021
                 390Received index as 100000000 and rd_port 2
                 390Constant detect. Returning 00000000
                 390Received index as 000000000 and rd_port 3
                 390Register read on rd_port 3
                 390Reg read -> Returned value 00000000
                 390PC_nxt before =         36
Normal PC update!
                 390PC_nxt after =         40
PC_nxt =         40
                 390zap_test.u_zap_top.u_zap_decode_main.u_zap_decode.decode_data_processing: Normal DP decode...
zap_test.u_zap_top.u_zap_decode_main.u_zap_decode.process_instruction_specified_shift Process instruction specified shift...
PC next =         40 PC current =         36
                 410Received index as 000000000 and rd_port 0
                 410Register read on rd_port 0
                 410Reg read -> Returned value 00000000
                 410Received index as 000000000 and rd_port 1
                 410Register read on rd_port 1
                 410Reg read -> Returned value 00000014
                 410Received index as 100000000 and rd_port 2
                 410Constant detect. Returning 00000000
                 410Received index as 000000000 and rd_port 3
                 410Register read on rd_port 3
                 410Reg read -> Returned value 00000000
                 410PC_nxt before =         40
Normal PC update!
                 410PC_nxt after =         44
PC_nxt =         44
                 410Received index as 000000000 and rd_port 0
                 410Register read on rd_port 0
                 410Reg read -> Returned value 00000000
                 410Received index as 000000000 and rd_port 1
                 410Register read on rd_port 1
                 410Reg read -> Returned value 00000000
                 410Received index as 100000000 and rd_port 2
                 410Constant detect. Returning 00000000
                 410Received index as 000000000 and rd_port 3
                 410Register read on rd_port 3
                 410Reg read -> Returned value 00000000
PC next =         44 PC current =         40
                 430Received index as 000000000 and rd_port 0
                 430Register read on rd_port 0
                 430Reg read -> Returned value 00000000
                 430Received index as 000000000 and rd_port 1
                 430Register read on rd_port 1
                 430Reg read -> Returned value 00000000
                 430Received index as 100000000 and rd_port 2
                 430Constant detect. Returning 00000000
                 430Received index as 000000000 and rd_port 3
                 430Register read on rd_port 3
                 430Reg read -> Returned value 00000000
                 430PC_nxt before =         44
Clear from ALU!
                 430PC_nxt after =          1
PC_nxt =          1
                 430Received index as 000000000 and rd_port 0
                 430Register read on rd_port 0
                 430Reg read -> Returned value 00000000
                 430Received index as 000000000 and rd_port 1
                 430Register read on rd_port 1
                 430Reg read -> Returned value 00000000
                 430Received index as 100000000 and rd_port 2
                 430Constant detect. Returning 00000000
                 430Received index as 000000000 and rd_port 3
                 430Register read on rd_port 3
                 430Reg read -> Returned value 00000000
                 430PC_nxt before =         44
Clear from ALU!
                 430PC_nxt after =         33
PC_nxt =         33
PC next =         33 PC current =         44
                 450Received index as 000000000 and rd_port 0
                 450Register read on rd_port 0
                 450Reg read -> Returned value 00000000
                 450Received index as 000000000 and rd_port 1
                 450Register read on rd_port 1
                 450Reg read -> Returned value 00000000
                 450Received index as 000000000 and rd_port 2
                 450Register read on rd_port 2
                 450Reg read -> Returned value 00000000
                 450Received index as 000000010 and rd_port 3
                 450Register read on rd_port 3
                 450Reg read -> Returned value 00000000
                 450PC_nxt before =         33
Normal PC update!
                 450PC_nxt after =         37
PC_nxt =         37
PC next =         37 PC current =         33
                 470Received index as 000000000 and rd_port 0
                 470Register read on rd_port 0
                 470Reg read -> Returned value 00000000
                 470Received index as 000000000 and rd_port 1
                 470Register read on rd_port 1
                 470Reg read -> Returned value 00000000
                 470Received index as 000000000 and rd_port 2
                 470Register read on rd_port 2
                 470Reg read -> Returned value 00000000
                 470Received index as 000000000 and rd_port 3
                 470Register read on rd_port 3
                 470Reg read -> Returned value 00000000
                 470PC_nxt before =         37
Normal PC update!
                 470PC_nxt after =         41
PC_nxt =         41
                 470zap_test.u_zap_top.u_zap_decode_main.u_zap_decode.decode_data_processing: Normal DP decode...
zap_test.u_zap_top.u_zap_decode_main.u_zap_decode.process_instruction_specified_shift Process instruction specified shift...
PC next =         41 PC current =         37
                 490Received index as 000000000 and rd_port 0
                 490Register read on rd_port 0
                 490Reg read -> Returned value 00000000
                 490Received index as 000000000 and rd_port 1
                 490Register read on rd_port 1
                 490Reg read -> Returned value 00000000
                 490Received index as 100000000 and rd_port 2
                 490Constant detect. Returning 00000000
                 490Received index as 000000000 and rd_port 3
                 490Register read on rd_port 3
                 490Reg read -> Returned value 00000000
                 490PC_nxt before =         41
Normal PC update!
                 490PC_nxt after =         45
PC_nxt =         45
PC next =         45 PC current =         41
                 510PC_nxt before =         45
Normal PC update!
                 510PC_nxt after =         49
PC_nxt =         49
PC next =         49 PC current =         45
                 530PC_nxt before =         49
Normal PC update!
                 530PC_nxt after =         53
PC_nxt =         53
PC next =         53 PC current =         49
                 550PC_nxt before =         53
Normal PC update!
                 550PC_nxt after =         57
PC_nxt =         57
PC next =         57 PC current =         53
                 570PC_nxt before =         57
Normal PC update!
                 570PC_nxt after =         61
PC_nxt =         61
PC next =         61 PC current =         57
                 590PC_nxt before =         61
Normal PC update!
                 590PC_nxt after =         65
PC_nxt =         65
PC next =         65 PC current =         61
                 610PC_nxt before =         65
Normal PC update!
                 610PC_nxt after =         69
PC_nxt =         69
PC next =         69 PC current =         65
                 630PC_nxt before =         69
Normal PC update!
                 630PC_nxt after =         73
PC_nxt =         73
PC next =         73 PC current =         69
                 650PC_nxt before =         73
Normal PC update!
                 650PC_nxt after =         77
PC_nxt =         77
PC next =         77 PC current =         73
                 670PC_nxt before =         77
Normal PC update!
                 670PC_nxt after =         81
PC_nxt =         81
PC next =         81 PC current =         77
                 690PC_nxt before =         81
Normal PC update!
                 690PC_nxt after =         85
PC_nxt =         85
PC next =         85 PC current =         81
                 710PC_nxt before =         85
Normal PC update!
                 710PC_nxt after =         89
PC_nxt =         89
PC next =         89 PC current =         85
                 730PC_nxt before =         89
Normal PC update!
                 730PC_nxt after =         93
PC_nxt =         93
PC next =         93 PC current =         89
                 750PC_nxt before =         93
Normal PC update!
                 750PC_nxt after =         97
PC_nxt =         97
PC next =         97 PC current =         93
                 770PC_nxt before =         97
Normal PC update!
                 770PC_nxt after =        101
PC_nxt =        101
PC next =        101 PC current =         97
                 790PC_nxt before =        101
Normal PC update!
                 790PC_nxt after =        105
PC_nxt =        105
PC next =        105 PC current =        101
                 810PC_nxt before =        105
Normal PC update!
                 810PC_nxt after =        109
PC_nxt =        109
PC next =        109 PC current =        105
                 830PC_nxt before =        109
Normal PC update!
                 830PC_nxt after =        113
PC_nxt =        113
PC next =        113 PC current =        109
                 850PC_nxt before =        113
Normal PC update!
                 850PC_nxt after =        117
PC_nxt =        117
PC next =        117 PC current =        113
                 870PC_nxt before =        117
Normal PC update!
                 870PC_nxt after =        121
PC_nxt =        121
PC next =        121 PC current =        117
                 890PC_nxt before =        121
Normal PC update!
                 890PC_nxt after =        125
PC_nxt =        125
PC next =        125 PC current =        121
                 910PC_nxt before =        125
Normal PC update!
                 910PC_nxt after =        129
PC_nxt =        129
PC next =        129 PC current =        125
                 930PC_nxt before =        129
Normal PC update!
                 930PC_nxt after =        133
PC_nxt =        133
PC next =        133 PC current =        129
                 950PC_nxt before =        133
Normal PC update!
                 950PC_nxt after =        137
PC_nxt =        137
PC next =        137 PC current =        133
                 970PC_nxt before =        137
Normal PC update!
                 970PC_nxt after =        141
PC_nxt =        141
PC next =        141 PC current =        137
                 990PC_nxt before =        141
Normal PC update!
                 990PC_nxt after =        145
PC_nxt =        145
PC next =        145 PC current =        141
                1010PC_nxt before =        145
Normal PC update!
                1010PC_nxt after =        149
PC_nxt =        149
PC next =        149 PC current =        145
                1030PC_nxt before =        149
Normal PC update!
                1030PC_nxt after =        153
PC_nxt =        153
PC next =        153 PC current =        149
                1050PC_nxt before =        153
Normal PC update!
                1050PC_nxt after =        157
PC_nxt =        157
PC next =        157 PC current =        153
                1070PC_nxt before =        157
Normal PC update!
                1070PC_nxt after =        161
PC_nxt =        161
PC next =        161 PC current =        157
                1090PC_nxt before =        161
Normal PC update!
                1090PC_nxt after =        165
PC_nxt =        165
PC next =        165 PC current =        161
                1110PC_nxt before =        165
Normal PC update!
                1110PC_nxt after =        169
PC_nxt =        169
PC next =        169 PC current =        165
                1130PC_nxt before =        169
Normal PC update!
                1130PC_nxt after =        173
PC_nxt =        173
PC next =        173 PC current =        169
                1150PC_nxt before =        173
Normal PC update!
                1150PC_nxt after =        177
PC_nxt =        177
PC next =        177 PC current =        173
                1170PC_nxt before =        177
Normal PC update!
                1170PC_nxt after =        181
PC_nxt =        181
PC next =        181 PC current =        177
                1190PC_nxt before =        181
Normal PC update!
                1190PC_nxt after =        185
PC_nxt =        185
PC next =        185 PC current =        181
                1210PC_nxt before =        185
Normal PC update!
                1210PC_nxt after =        189
PC_nxt =        189
PC next =        189 PC current =        185
                1230PC_nxt before =        189
Normal PC update!
                1230PC_nxt after =        193
PC_nxt =        193
PC next =        193 PC current =        189
                1250PC_nxt before =        193
Normal PC update!
                1250PC_nxt after =        197
PC_nxt =        197
PC next =        197 PC current =        193
                1270PC_nxt before =        197
Normal PC update!
                1270PC_nxt after =        201
PC_nxt =        201
PC next =        201 PC current =        197
                1290PC_nxt before =        201
Normal PC update!
                1290PC_nxt after =        205
PC_nxt =        205
PC next =        205 PC current =        201
                1310PC_nxt before =        205
Normal PC update!
                1310PC_nxt after =        209
PC_nxt =        209
PC next =        209 PC current =        205
                1330PC_nxt before =        209
Normal PC update!
                1330PC_nxt after =        213
PC_nxt =        213
PC next =        213 PC current =        209
                1350PC_nxt before =        213
Normal PC update!
                1350PC_nxt after =        217
PC_nxt =        217
PC next =        217 PC current =        213
                1370PC_nxt before =        217
Normal PC update!
                1370PC_nxt after =        221
PC_nxt =        221
PC next =        221 PC current =        217
                1390PC_nxt before =        221
Normal PC update!
                1390PC_nxt after =        225
PC_nxt =        225
PC next =        225 PC current =        221
                1410PC_nxt before =        225
Normal PC update!
                1410PC_nxt after =        229
PC_nxt =        229
PC next =        229 PC current =        225
                1430PC_nxt before =        229
Normal PC update!
                1430PC_nxt after =        233
PC_nxt =        233
PC next =        233 PC current =        229
                1450PC_nxt before =        233
Normal PC update!
                1450PC_nxt after =        237
PC_nxt =        237
PC next =        237 PC current =        233
                1470PC_nxt before =        237
Normal PC update!
                1470PC_nxt after =        241
PC_nxt =        241
PC next =        241 PC current =        237
                1490PC_nxt before =        241
Normal PC update!
                1490PC_nxt after =        245
PC_nxt =        245
PC next =        245 PC current =        241
                1510PC_nxt before =        245
Normal PC update!
                1510PC_nxt after =        249
PC_nxt =        249
PC next =        249 PC current =        245
                1530PC_nxt before =        249
Normal PC update!
                1530PC_nxt after =        253
PC_nxt =        253
PC next =        253 PC current =        249
                1550PC_nxt before =        253
Normal PC update!
                1550PC_nxt after =        257
PC_nxt =        257
PC next =        257 PC current =        253
                1570PC_nxt before =        257
Normal PC update!
                1570PC_nxt after =        261
PC_nxt =        261
PC next =        261 PC current =        257
                1590PC_nxt before =        261
Normal PC update!
                1590PC_nxt after =        265
PC_nxt =        265
PC next =        265 PC current =        261
                1610PC_nxt before =        265
Normal PC update!
                1610PC_nxt after =        269
PC_nxt =        269
PC next =        269 PC current =        265
                1630PC_nxt before =        269
Normal PC update!
                1630PC_nxt after =        273
PC_nxt =        273
PC next =        273 PC current =        269
                1650PC_nxt before =        273
Normal PC update!
                1650PC_nxt after =        277
PC_nxt =        277
PC next =        277 PC current =        273
                1670PC_nxt before =        277
Normal PC update!
                1670PC_nxt after =        281
PC_nxt =        281
PC next =        281 PC current =        277
                1690PC_nxt before =        281
Normal PC update!
                1690PC_nxt after =        285
PC_nxt =        285
PC next =        285 PC current =        281
                1710PC_nxt before =        285
Normal PC update!
                1710PC_nxt after =        289
PC_nxt =        289
PC next =        289 PC current =        285
                1730PC_nxt before =        289
Normal PC update!
                1730PC_nxt after =        293
PC_nxt =        293
PC next =        293 PC current =        289
                1750PC_nxt before =        293
Normal PC update!
                1750PC_nxt after =        297
PC_nxt =        297
PC next =        297 PC current =        293
                1770PC_nxt before =        297
Normal PC update!
                1770PC_nxt after =        301
PC_nxt =        301
PC next =        301 PC current =        297
                1790PC_nxt before =        301
Normal PC update!
                1790PC_nxt after =        305
PC_nxt =        305
PC next =        305 PC current =        301
                1810PC_nxt before =        305
Normal PC update!
                1810PC_nxt after =        309
PC_nxt =        309
PC next =        309 PC current =        305
                1830PC_nxt before =        309
Normal PC update!
                1830PC_nxt after =        313
PC_nxt =        313
PC next =        313 PC current =        309
                1850PC_nxt before =        313
Normal PC update!
                1850PC_nxt after =        317
PC_nxt =        317
PC next =        317 PC current =        313
                1870PC_nxt before =        317
Normal PC update!
                1870PC_nxt after =        321
PC_nxt =        321
PC next =        321 PC current =        317
                1890PC_nxt before =        321
Normal PC update!
                1890PC_nxt after =        325
PC_nxt =        325
PC next =        325 PC current =        321
                1910PC_nxt before =        325
Normal PC update!
                1910PC_nxt after =        329
PC_nxt =        329
PC next =        329 PC current =        325
                1930PC_nxt before =        329
Normal PC update!
                1930PC_nxt after =        333
PC_nxt =        333
PC next =        333 PC current =        329
                1950PC_nxt before =        333
Normal PC update!
                1950PC_nxt after =        337
PC_nxt =        337
PC next =        337 PC current =        333
                1970PC_nxt before =        337
Normal PC update!
                1970PC_nxt after =        341
PC_nxt =        341
PC next =        341 PC current =        337
                1990PC_nxt before =        341
Normal PC update!
                1990PC_nxt after =        345
PC_nxt =        345
PC next =        345 PC current =        341
                2010PC_nxt before =        345
Normal PC update!
                2010PC_nxt after =        349
PC_nxt =        349
PC next =        349 PC current =        345
